<?xml version="1.0" encoding="UTF-8"?>
<!-- Generated by org.testng.reporters.JUnitReportReporter -->
<testsuite hostname="DESKTOP-S1MQ5B3" failures="0" tests="6" name="com.qa.TestScripts.SeleniumScriptInTestNG" time="7.381" errors="0" timestamp="06 Jun 2023 13:42:38 GMT" skipped="0">
  <testcase classname="com.qa.TestScripts.SeleniumScriptInTestNG" name="formValidation" time="0.484"/>
  <testcase classname="com.qa.TestScripts.SeleniumScriptInTestNG" name="validationOflinkText" time="4.894"/>
  <testcase classname="com.qa.TestScripts.SeleniumScriptInTestNG" name="formValidation" time="0.631"/>
  <testcase classname="com.qa.TestScripts.SeleniumScriptInTestNG" name="title" time="0.012"/>
  <testcase classname="com.qa.TestScripts.SeleniumScriptInTestNG" name="formValidation" time="0.840"/>
  <testcase classname="com.qa.TestScripts.SeleniumScriptInTestNG" name="formValidation" time="0.520"/>
</testsuite> <!-- com.qa.TestScripts.SeleniumScriptInTestNG -->
