<?xml version="1.0" encoding="UTF-8"?>
<!-- Generated by org.testng.reporters.JUnitReportReporter -->
<testsuite hostname="DESKTOP-S1MQ5B3" failures="0" tests="6" name="com.qa.TestScripts.SeleniumScriptInTestNG" time="8.195" errors="0" timestamp="07 Jun 2023 12:29:34 GMT" skipped="0">
  <testcase classname="com.qa.TestScripts.SeleniumScriptInTestNG" name="formValidation" time="1.483"/>
  <testcase classname="com.qa.TestScripts.SeleniumScriptInTestNG" name="formValidation" time="0.785"/>
  <testcase classname="com.qa.TestScripts.SeleniumScriptInTestNG" name="title" time="0.010"/>
  <testcase classname="com.qa.TestScripts.SeleniumScriptInTestNG" name="formValidation" time="0.759"/>
  <testcase classname="com.qa.TestScripts.SeleniumScriptInTestNG" name="validationOflinkText" time="4.379"/>
  <testcase classname="com.qa.TestScripts.SeleniumScriptInTestNG" name="formValidation" time="0.779"/>
</testsuite> <!-- com.qa.TestScripts.SeleniumScriptInTestNG -->
